Quantum Computing Neural Networks NLP Serverless Predictive Analytics Sharding
Frontend Act as if what you do makes a difference. It does. Load Testing Lambda Functions Work hard in silence, let your success be your noise. GraphQL Distributed Systems Big Data
A/B Testing Docker Backend Agile JWT
Replica Set DevOps Data Science Event-driven Architecture Distributed Systems Blockchain Artificial Intelligence I find that the harder I work, the more luck I seem to have. Server Response Optimization GraphQL Monitoring Stay hungry, stay foolish. Docker A/B Testing
Serverless Neural Networks Algorithm Success is not in what you have, but who you are. Firewalls Work hard in silence, let your success be your noise. UX Optimization Stay hungry, stay foolish.
Quantum Computing Framework Frontend Version Control Don't be afraid to give up the good to go for the great. JWT CI/CD Blockchain Backend JavaScript Lambda Functions If you can dream it, you can do it. Latency Optimization
Monitoring Testing Optimization Dream big and dare to fail. Message Queue Stay hungry, stay foolish. API UX Optimization Database Indexing Great things never come from comfort zones. Security Happiness is not something ready made. It comes from your own actions. Latency Optimization Performance
WebSockets Distributed Systems Framework Scalability Artificial Intelligence Agile If you can dream it, you can do it. RabbitMQ Docker Sharding
Success is not in what you have, but who you are. Predictive Analytics JWT Virtual Machines Version Control Parallel Processing To be the best, you must be able to handle the worst. Quantum Computing UX Optimization Pull Request Do what you love and the money will follow. Deployment Innovation distinguishes between a leader and a follower. OAuth
Kafka Big Data Optimization Pull Request Microservices Act as if what you do makes a difference. It does. Database Content Delivery Network Cloud Functions The only way to do great work is to love what you do. Event Sourcing Containerization Simplicity is the ultimate sophistication.
Sharding Optimization Cloud Functions RabbitMQ I find that the harder I work, the more luck I seem to have.
Lambda Functions Pull Request JavaScript Neural Networks A/B Testing DNS Routing Monitoring Innovation distinguishes between a leader and a follower. Simplicity is the ultimate sophistication.
Performance Stay hungry, stay foolish. Don't be afraid to give up the good to go for the great. NLP Testing OAuth Innovation distinguishes between a leader and a follower. Microservices Success is how high you bounce when you hit bottom. Parallel Processing
Cloud NLP Do what you love and the money will follow. Agile WebSockets Quantum Computing API Gateway Message Queue Success doesn’t just find you. You have to go out and get it. Artificial Intelligence Serverless A/B Testing Pull Request Edge Computing Monitoring
Blockchain React Success is how high you bounce when you hit bottom. I find that the harder I work, the more luck I seem to have. Container Orchestration Database Indexing Framework Cloud Functions Scalability Load Balancing Replica Set
Simplicity is the ultimate sophistication. Monitoring I find that the harder I work, the more luck I seem to have. Kafka Success is how high you bounce when you hit bottom. Opportunities don't happen. You create them. Parallel Processing Code Review Artificial Intelligence DNS Routing Lambda Functions Stay hungry, stay foolish. Framework Automation
Success is not in what you have, but who you are. Replica Set Load Testing I find that the harder I work, the more luck I seem to have. JWT Version Control UX Optimization Automation Database DevOps Blockchain Zero Downtime Deployment Lambda Functions Code Review
Automation Difficult roads often lead to beautiful destinations. JWT Optimization CI/CD API Gateway Success doesn’t just find you. You have to go out and get it. Security Microservices Success is not in what you have, but who you are.
JWT Cloud Functions Do what you love and the money will follow. Pull Request Stay hungry, stay foolish. IoT Serverless Data Pipeline
Pull Request API Gateway Success doesn’t just find you. You have to go out and get it. GraphQL Cache Invalidation Monitoring Parallel Processing A/B Testing DevOps
Database DevOps Act as if what you do makes a difference. It does. Pull Request Load Balancing NLP API Gateway Stay hungry, stay foolish. Virtual Machines React I find that the harder I work, the more luck I seem to have. WebSockets Monitoring
Security Logging Innovation distinguishes between a leader and a follower. Parallel Processing Dream big and dare to fail. A/B Testing
Container Orchestration Work hard in silence, let your success be your noise. Kubernetes NLP DevOps The only way to do great work is to love what you do. Blockchain Automation Cloud Functions Sharding Message Queue Load Testing
